[INFO ] 07-06-2021 03:42:31.684 TC_LoginTest_001 - *******************************TC_LoginTest_001 Starting****************************
[INFO ] 07-06-2021 03:42:35.665 TC_LoginTest_001 - **************Providing login details*************
[INFO ] 07-06-2021 03:42:46.390 TC_LoginTest_001 - **********TC_LoginTest_001 Passed*************
[INFO ] 07-06-2021 03:42:46.394 TC_LoginTest_001 - **********TC_LoginTest_001 Completed*************
[INFO ] 07-06-2021 04:29:20.468 TC_LoginTest_001 - **************TC_LoginTest_001 Starting****************************
[INFO ] 07-06-2021 04:29:21.199 TC_LoginTest_001 - **************Providing login details*************
[INFO ] 07-06-2021 04:29:26.485 TC_LoginTest_001 - **********TC_LoginTest_001 Passed*************
[INFO ] 07-06-2021 04:29:26.487 TC_LoginTest_001 - **********TC_LoginTest_001 Completed*************
[INFO ] 07-06-2021 04:32:03.578 TC_LoginTest_001 - **************TC_LoginTest_001 Starting****************************
[INFO ] 07-06-2021 04:32:04.227 TC_LoginTest_001 - **************Providing login details*************
[INFO ] 07-06-2021 04:32:08.155 TC_LoginTest_001 - **********TC_LoginTest_001 Passed*************
[INFO ] 07-06-2021 04:32:08.157 TC_LoginTest_001 - **********TC_LoginTest_001 Completed*************
[INFO ] 07-06-2021 05:06:50.757 TC_LoginTest_001 - **************TC_LoginTest_001 Starting****************************
[INFO ] 07-06-2021 05:06:51.514 TC_LoginTest_001 - **************Providing login details*************
[INFO ] 07-06-2021 05:06:55.589 TC_LoginTest_001 - **********TC_LoginTest_001 Passed*************
[INFO ] 07-06-2021 05:06:55.592 TC_LoginTest_001 - **********TC_LoginTest_001 Completed*************
[INFO ] 07-06-2021 05:11:22.286 TC_LoginTest_001 - **************TC_LoginTest_001 Starting****************************
[INFO ] 07-06-2021 05:11:23.001 TC_LoginTest_001 - **************Providing login details*************
[INFO ] 07-06-2021 05:11:23.527 TC_LoginTest_001 - **************TC_LoginTest_001 Starting****************************
[INFO ] 07-06-2021 05:11:24.090 TC_LoginTest_001 - **************Providing login details*************
[INFO ] 07-06-2021 05:11:27.655 TC_LoginTest_001 - **********TC_LoginTest_001 Passed*************
[INFO ] 07-06-2021 05:11:27.657 TC_LoginTest_001 - **********TC_LoginTest_001 Completed*************
[INFO ] 07-06-2021 05:11:28.463 TC_LoginTest_001 - **********TC_LoginTest_001 Passed*************
[INFO ] 07-06-2021 05:11:28.463 TC_LoginTest_001 - **********TC_LoginTest_001 Completed*************
[INFO ] 07-06-2021 05:11:30.471 TC_LoginTest_001 - **************TC_LoginTest_001 Starting****************************
[INFO ] 07-06-2021 05:11:31.137 TC_LoginTest_001 - **************Providing login details*************
[INFO ] 07-06-2021 05:11:35.270 TC_LoginTest_001 - **********TC_LoginTest_001 Passed*************
[INFO ] 07-06-2021 05:11:35.270 TC_LoginTest_001 - **********TC_LoginTest_001 Completed*************
[INFO ] 07-06-2021 11:30:32.207 TC_LoginTest_001 - **************TC_LoginTest_001 Starting***************
[INFO ] 07-06-2021 11:30:33.987 TC_LoginTest_001 - **************Providing login details*************
[INFO ] 07-06-2021 11:31:38.992 TC_LoginTest_001 - **************TC_LoginTest_001 Starting***************
[INFO ] 07-06-2021 11:31:39.620 TC_LoginTest_001 - **************Providing login details*************
[INFO ] 08-06-2021 12:02:30.896 TC_LoginTest_001 - **************TC_LoginTest_001 Starting***************
[INFO ] 08-06-2021 12:02:31.707 TC_LoginTest_001 - **************Providing login details*************
[INFO ] 08-06-2021 12:02:43.037 TC_LoginTest_001 - **************TC_LoginTest_001 Starting***************
[INFO ] 08-06-2021 12:02:43.843 TC_LoginTest_001 - **************Providing login details*************
[INFO ] 08-06-2021 12:02:52.093 TC_LoginTest_001 - **************TC_LoginTest_001 Starting***************
[INFO ] 08-06-2021 12:02:52.799 TC_LoginTest_001 - **************Providing login details*************
[INFO ] 08-06-2021 08:18:28.691 TC_LoginTest_001 - **************TC_LoginTest_001 Starting***************
[INFO ] 08-06-2021 08:18:29.570 TC_LoginTest_001 - **************Providing login details*************
[INFO ] 08-06-2021 08:18:43.251 TC_LoginTest_001 - **************TC_LoginTest_001 Starting***************
[INFO ] 08-06-2021 08:18:44.212 TC_LoginTest_001 - **************Providing login details*************
[INFO ] 08-06-2021 08:18:53.987 TC_LoginTest_001 - **************TC_LoginTest_001 Starting***************
[INFO ] 08-06-2021 08:18:54.738 TC_LoginTest_001 - **************Providing login details*************
[INFO ] 08-06-2021 02:45:03.099 TC_LoginTest_001 - **************TC_LoginTest_001 Starting***************
[INFO ] 08-06-2021 02:45:03.778 TC_LoginTest_001 - **************Providing login details*************
[INFO ] 08-06-2021 02:46:58.907 TC_LoginTest_001 - **************TC_LoginTest_001 Starting***************
[INFO ] 08-06-2021 02:46:59.594 TC_LoginTest_001 - **************Providing login details*************
[INFO ] 08-06-2021 03:45:20.871 TC_LoginTest_001 - **************TC_LoginTest_001 Starting***************
[INFO ] 08-06-2021 03:45:21.656 TC_LoginTest_001 - **************Providing login details*************
[INFO ] 08-06-2021 03:48:15.797 TC_LoginTest_001 - **************TC_LoginTest_001 Starting***************
[INFO ] 08-06-2021 03:48:16.474 TC_LoginTest_001 - **************Providing login details*************
[INFO ] 08-06-2021 03:50:34.654 TC_LoginTest_001 - **************TC_LoginTest_001 Starting***************
[INFO ] 08-06-2021 03:50:44.722 TC_LoginTest_001 - **************Providing login details*************
[INFO ] 08-06-2021 03:53:29.290 TC_LoginTest_001 - **************TC_LoginTest_001 Starting***************
[INFO ] 08-06-2021 03:53:29.911 TC_LoginTest_001 - **************Providing login details*************
[INFO ] 08-06-2021 04:47:12.675 TC_LoginTest_001 - **************TC_LoginTest_001 Starting***************
[INFO ] 08-06-2021 04:47:13.436 TC_LoginTest_001 - **************Providing login details*************
[INFO ] 08-06-2021 04:51:19.496 TC_LoginTest_001 - **************TC_LoginTest_001 Starting***************
[INFO ] 08-06-2021 04:51:20.163 TC_LoginTest_001 - **************Providing login details*************
[INFO ] 08-06-2021 04:52:11.793 TC_LoginTest_001 - **************TC_LoginTest_001 Starting***************
[INFO ] 08-06-2021 04:52:12.461 TC_LoginTest_001 - **************Providing login details*************
[INFO ] 08-06-2021 04:55:29.403 TC_LoginTest_001 - **************TC_LoginTest_001 Starting***************
[INFO ] 08-06-2021 04:55:30.037 TC_LoginTest_001 - **************Providing login details*************
[INFO ] 09-06-2021 12:25:48.242 TC_Validate_Securelinks_001 - ****Starting Secure Link Validation Test****
[INFO ] 09-06-2021 12:25:48.273 TC_Validate_Securelinks_001 - **************Providing login details*************
[INFO ] 09-06-2021 12:29:01.507 TC_Validate_Securelinks_001 - ****Starting Secure Link Validation Test****
[INFO ] 09-06-2021 12:29:02.291 TC_Validate_Securelinks_001 - **************Providing login details*************
[INFO ] 09-06-2021 12:31:37.835 TC_Validate_Securelinks_001 - ****Starting Secure Link Validation Test****
[INFO ] 09-06-2021 12:31:38.563 TC_Validate_Securelinks_001 - **************Providing login details*************
[INFO ] 09-06-2021 12:35:16.316 TC_Validate_Securelinks_001 - ****Starting Secure Link Validation Test****
[INFO ] 09-06-2021 12:35:16.954 TC_Validate_Securelinks_001 - **************Providing login details*************
[INFO ] 09-06-2021 12:35:25.844 TC_Validate_Securelinks_001 - **************Displaying Secure link list*************
[INFO ] 09-06-2021 12:35:26.349 TC_Validate_Securelinks_001 - **************Validating Secure links*************
[INFO ] 09-06-2021 01:03:39.714 TC_Validate_Securelinks_001 - ****Starting Secure Link Validation Test****
[INFO ] 09-06-2021 01:03:40.484 TC_Validate_Securelinks_001 - **************Providing login details*************
[INFO ] 09-06-2021 01:03:44.503 TC_Validate_Securelinks_001 - **************Displaying Secure link list*************
[INFO ] 09-06-2021 01:03:45.640 TC_Validate_Securelinks_001 - **************Validating Secure links*************
[INFO ] 09-06-2021 01:06:30.516 TC_Validate_Securelinks_001 - ****Starting Secure Link Validation Test****
[INFO ] 09-06-2021 01:06:31.184 TC_Validate_Securelinks_001 - **************Providing login details*************
[INFO ] 09-06-2021 01:06:35.078 TC_Validate_Securelinks_001 - **************Displaying Secure link list*************
[INFO ] 09-06-2021 01:06:35.547 TC_Validate_Securelinks_001 - **************Validating Secure links*************
[INFO ] 09-06-2021 01:07:37.285 TC_Validate_Securelinks_001 - ****Starting Secure Link Validation Test****
[INFO ] 09-06-2021 01:07:37.938 TC_Validate_Securelinks_001 - **************Providing login details*************
[INFO ] 09-06-2021 01:07:42.000 TC_Validate_Securelinks_001 - **************Displaying Secure link list*************
[INFO ] 09-06-2021 01:07:42.485 TC_Validate_Securelinks_001 - **************Validating Secure links*************
[INFO ] 09-06-2021 01:13:17.896 TC_Validate_Securelinks_001 - ****Starting Secure Link Validation Test****
[INFO ] 09-06-2021 01:13:18.581 TC_Validate_Securelinks_001 - **************Providing login details*************
[INFO ] 09-06-2021 01:13:27.915 TC_Validate_Securelinks_001 - **************Displaying Secure link list*************
[INFO ] 09-06-2021 01:13:37.965 TC_Validate_Securelinks_001 - **************Validating Secure links*************
[INFO ] 09-06-2021 01:31:37.839 TC_Validate_Securelinks_001 - ****Starting Secure Link Validation Test****
[INFO ] 09-06-2021 01:31:38.505 TC_Validate_Securelinks_001 - **************Providing login details*************
[INFO ] 09-06-2021 01:31:47.421 TC_Validate_Securelinks_001 - **************Displaying Secure link list*************
[INFO ] 09-06-2021 01:31:47.920 TC_Validate_Securelinks_001 - **************Validating Secure links*************
[INFO ] 09-06-2021 01:36:42.611 TC_Validate_Securelinks_001 - ****Starting Secure Link Validation Test****
[INFO ] 09-06-2021 01:36:43.247 TC_Validate_Securelinks_001 - **************Providing login details*************
[INFO ] 09-06-2021 01:36:52.118 TC_Validate_Securelinks_001 - **************Displaying Secure link list*************
[INFO ] 09-06-2021 01:36:52.628 TC_Validate_Securelinks_001 - **************Validating Secure links*************
[INFO ] 09-06-2021 01:37:57.841 TC_Validate_Securelinks_001 - ****Starting Secure Link Validation Test****
[INFO ] 09-06-2021 01:37:58.488 TC_Validate_Securelinks_001 - **************Providing login details*************
[INFO ] 09-06-2021 01:38:07.359 TC_Validate_Securelinks_001 - **************Displaying Secure link list*************
[INFO ] 09-06-2021 01:39:41.703 TC_Validate_Securelinks_001 - ****Starting Secure Link Validation Test****
[INFO ] 09-06-2021 01:39:42.394 TC_Validate_Securelinks_001 - **************Providing login details*************
[INFO ] 09-06-2021 01:39:51.317 TC_Validate_Securelinks_001 - **************Displaying Secure link list*************
[INFO ] 09-06-2021 01:39:51.829 TC_Validate_Securelinks_001 - **************Validating Secure links*************
[INFO ] 09-06-2021 01:41:23.418 TC_Validate_Securelinks_001 - ****Starting Secure Link Validation Test****
[INFO ] 09-06-2021 01:41:24.062 TC_Validate_Securelinks_001 - **************Providing login details*************
[INFO ] 09-06-2021 01:41:33.016 TC_Validate_Securelinks_001 - **************Displaying Secure link list*************
[INFO ] 09-06-2021 01:42:45.934 TC_Validate_Securelinks_001 - ****Starting Secure Link Validation Test****
[INFO ] 09-06-2021 01:42:46.717 TC_Validate_Securelinks_001 - **************Providing login details*************
[INFO ] 09-06-2021 01:42:55.807 TC_Validate_Securelinks_001 - **************Displaying Secure link list*************
[INFO ] 09-06-2021 01:50:01.618 TC_Validate_Securelinks_001 - ****Starting Secure Link Validation Test****
[INFO ] 09-06-2021 01:50:02.252 TC_Validate_Securelinks_001 - **************Providing login details*************
[INFO ] 09-06-2021 01:50:11.104 TC_Validate_Securelinks_001 - **************Displaying Secure link list*************
[INFO ] 09-06-2021 01:50:11.174 TC_Validate_Securelinks_001 - **************Validating Secure links*************
[INFO ] 09-06-2021 01:51:33.921 TC_Validate_Securelinks_001 - ****Starting Secure Link Validation Test****
[INFO ] 09-06-2021 01:51:34.571 TC_Validate_Securelinks_001 - **************Providing login details*************
[INFO ] 09-06-2021 01:51:42.461 TC_Validate_Securelinks_001 - **************Displaying Secure link list*************
[INFO ] 09-06-2021 01:51:42.528 TC_Validate_Securelinks_001 - **************Validating Secure links*************
[INFO ] 09-06-2021 01:52:50.220 TC_Validate_Securelinks_001 - ****Starting Secure Link Validation Test****
[INFO ] 09-06-2021 01:52:50.853 TC_Validate_Securelinks_001 - **************Providing login details*************
[INFO ] 09-06-2021 01:52:59.181 TC_Validate_Securelinks_001 - **************Displaying Secure link list*************
[INFO ] 09-06-2021 01:52:59.252 TC_Validate_Securelinks_001 - **************Validating Secure links*************
[INFO ] 09-06-2021 02:09:42.641 TC_Validate_Securelinks_001 - ****Starting Secure Link Validation Test****
[INFO ] 09-06-2021 02:09:43.304 TC_Validate_Securelinks_001 - **************Providing login details*************
[INFO ] 09-06-2021 02:09:52.224 TC_Validate_Securelinks_001 - **************Displaying Secure link list*************
[INFO ] 09-06-2021 02:09:52.720 TC_Validate_Securelinks_001 - **************Validating Secure links*************
[INFO ] 09-06-2021 02:16:49.488 TC_Validate_Securelinks_001 - ****Starting Secure Link Validation Test****
[INFO ] 09-06-2021 02:16:50.119 TC_Validate_Securelinks_001 - **************Providing login details*************
[INFO ] 09-06-2021 02:16:59.042 TC_Validate_Securelinks_001 - **************Displaying Secure link list*************
[INFO ] 09-06-2021 02:17:04.052 TC_Validate_Securelinks_001 - **************Validating Secure links*************
[INFO ] 09-06-2021 02:20:40.965 TC_Validate_Securelinks_001 - ****Starting Secure Link Validation Test****
[INFO ] 09-06-2021 02:20:41.561 TC_Validate_Securelinks_001 - **************Providing login details*************
[INFO ] 09-06-2021 02:20:50.749 TC_Validate_Securelinks_001 - **************Displaying Secure link list*************
[INFO ] 09-06-2021 02:21:32.778 TC_Validate_Securelinks_001 - **************Validating Secure links*************
[INFO ] 09-06-2021 02:28:20.475 TC_Validate_Securelinks_001 - ****Starting Secure Link Validation Test****
[INFO ] 09-06-2021 02:28:21.101 TC_Validate_Securelinks_001 - **************Providing login details*************
[INFO ] 09-06-2021 02:28:29.370 TC_Validate_Securelinks_001 - **************Displaying Secure link list*************
[INFO ] 09-06-2021 02:28:39.401 TC_Validate_Securelinks_001 - **************Validating Secure links*************
[INFO ] 09-06-2021 02:29:37.796 TC_Validate_Securelinks_001 - ****Starting Secure Link Validation Test****
[INFO ] 09-06-2021 02:29:38.430 TC_Validate_Securelinks_001 - **************Providing login details*************
[INFO ] 09-06-2021 02:29:45.647 TC_Validate_Securelinks_001 - **************Displaying Secure link list*************
[INFO ] 09-06-2021 02:30:29.729 TC_Validate_Securelinks_001 - **************Validating Secure links*************
[INFO ] 09-06-2021 02:41:26.467 TC_Validate_Securelinks_001 - ****Starting Secure Link Validation Test****
[INFO ] 09-06-2021 02:41:27.175 TC_Validate_Securelinks_001 - **************Providing login details*************
[INFO ] 09-06-2021 02:41:35.286 TC_Validate_Securelinks_001 - **************Displaying Secure link list*************
[INFO ] 09-06-2021 02:41:35.317 TC_Validate_Securelinks_001 - **************Validating Secure links*************
[INFO ] 09-06-2021 02:55:52.979 TC_Validate_Securelinks_001 - ****Starting Secure Link Validation Test****
[INFO ] 09-06-2021 02:55:53.652 TC_Validate_Securelinks_001 - **************Providing login details*************
[INFO ] 09-06-2021 02:55:58.536 TC_Validate_Securelinks_001 - **************Displaying Secure link list*************
[INFO ] 09-06-2021 02:57:00.056 TC_Validate_Securelinks_001 - ****Starting Secure Link Validation Test****
[INFO ] 09-06-2021 02:57:00.766 TC_Validate_Securelinks_001 - **************Providing login details*************
[INFO ] 09-06-2021 02:57:04.833 TC_Validate_Securelinks_001 - **************Displaying Secure link list*************
[INFO ] 09-06-2021 03:10:15.312 TC_Validate_Securelinks_001 - ****Starting Secure Link Validation Test****
[INFO ] 09-06-2021 03:10:16.161 TC_Validate_Securelinks_001 - **************Providing login details*************
[INFO ] 09-06-2021 03:10:20.452 TC_Validate_Securelinks_001 - **************Displaying Secure link list*************
[INFO ] 09-06-2021 03:48:46.355 TC_Validate_Securelinks_001 - ****Starting Secure Link Validation Test****
[INFO ] 09-06-2021 03:48:47.744 TC_Validate_Securelinks_001 - **************Providing login details*************
[INFO ] 09-06-2021 03:48:52.283 TC_Validate_Securelinks_001 - **************Displaying Secure link list*************
[INFO ] 09-06-2021 09:12:01.295 TC_Validate_Securelinks_001 - ****Starting Secure Link Validation Test****
[INFO ] 09-06-2021 09:12:02.088 TC_Validate_Securelinks_001 - **************Providing login details*************
[INFO ] 09-06-2021 09:12:07.204 TC_Validate_Securelinks_001 - **************Displaying Secure link list*************
[INFO ] 09-06-2021 09:18:15.894 TC_LoginTest_001 - **************TC_LoginTest_001 Starting***************
[INFO ] 09-06-2021 09:18:16.521 TC_LoginTest_001 - **************Providing login details*************
[INFO ] 09-06-2021 09:19:00.056 TC_LoginTest_001 - **************TC_LoginTest_001 Starting***************
[INFO ] 09-06-2021 09:19:00.723 TC_LoginTest_001 - **************Providing login details*************
[INFO ] 09-06-2021 09:19:10.450 TC_LoginTest_001 - **************TC_LoginTest_001 Starting***************
[INFO ] 09-06-2021 09:19:12.239 TC_LoginTest_001 - **************Providing login details*************
[INFO ] 09-06-2021 09:19:22.257 TC_LoginTest_001 - **************TC_LoginTest_001 Starting***************
[INFO ] 09-06-2021 09:19:22.951 TC_LoginTest_001 - **************Providing login details*************
[INFO ] 09-06-2021 10:45:21.611 TC_Validate_Securelinks_001 - ****Starting Secure Link Validation Test****
[INFO ] 09-06-2021 10:45:22.453 TC_Validate_Securelinks_001 - **************Providing login details*************
[INFO ] 09-06-2021 10:45:25.950 TC_Validate_Securelinks_001 - **************Displaying Secure link list*************
[INFO ] 09-06-2021 11:24:19.144 TC_Validate_Securelinks_001 - ****Starting Secure Link Validation Test****
[INFO ] 09-06-2021 11:24:20.062 TC_Validate_Securelinks_001 - **************Providing login details*************
[INFO ] 09-06-2021 11:26:26.406 TC_Validate_Securelinks_001 - ****Starting Secure Link Validation Test****
[INFO ] 09-06-2021 11:26:27.065 TC_Validate_Securelinks_001 - **************Providing login details*************
[INFO ] 09-06-2021 11:37:56.361 TC_Validate_Securelinks_001 - ****Starting Secure Link Validation Test****
[INFO ] 09-06-2021 11:37:57.138 TC_Validate_Securelinks_001 - **************Providing login details*************
[INFO ] 09-06-2021 11:40:41.895 TC_Validate_Securelinks_001 - ****Starting Secure Link Validation Test****
[INFO ] 09-06-2021 11:40:42.581 TC_Validate_Securelinks_001 - **************Providing login details*************
[INFO ] 09-06-2021 11:51:51.455 TC_Validate_Securelinks_001 - ****Starting Secure Link Validation Test****
[INFO ] 09-06-2021 11:51:55.592 TC_Validate_Securelinks_001 - **************Providing login details*************
[INFO ] 09-06-2021 12:09:54.047 TC_Validate_Securelinks_001 - ****Starting Secure Link Validation Test****
[INFO ] 09-06-2021 12:09:54.817 TC_Validate_Securelinks_001 - **************Providing login details*************
[INFO ] 09-06-2021 12:10:35.346 TC_Validate_Securelinks_001 - ****Starting Secure Link Validation Test****
[INFO ] 09-06-2021 12:10:36.136 TC_Validate_Securelinks_001 - **************Providing login details*************
[INFO ] 09-06-2021 12:11:40.148 TC_Validate_Securelinks_001 - ****Starting Secure Link Validation Test****
[INFO ] 09-06-2021 12:11:40.940 TC_Validate_Securelinks_001 - **************Providing login details*************
[INFO ] 09-06-2021 12:15:34.032 TC_Validate_Securelinks_001 - ****Starting Secure Link Validation Test****
[INFO ] 09-06-2021 12:15:34.829 TC_Validate_Securelinks_001 - **************Providing login details*************
[INFO ] 09-06-2021 12:16:51.997 TC_Validate_Securelinks_001 - ****Starting Secure Link Validation Test****
[INFO ] 09-06-2021 12:16:52.701 TC_Validate_Securelinks_001 - **************Providing login details*************
[INFO ] 09-06-2021 12:27:09.599 TC_Validate_Securelinks_001 - ****Starting Secure Link Validation Test****
[INFO ] 09-06-2021 12:27:10.378 TC_Validate_Securelinks_001 - **************Providing login details*************
[INFO ] 09-06-2021 07:41:12.191 TC_Validate_Securelinks_001 - ****Starting Secure Link Validation Test****
[INFO ] 09-06-2021 07:41:12.934 TC_Validate_Securelinks_001 - **************Providing login details*************
[INFO ] 10-06-2021 11:08:27.743 TC_Validate_Securelinks_001 - ****Starting Secure Link Validation Test****
[INFO ] 10-06-2021 11:08:28.746 TC_Validate_Securelinks_001 - **************Providing login details*************
[INFO ] 10-06-2021 12:45:08.704 TC_Validate_Securelinks_001 - ****Starting Secure Link Validation Test****
[INFO ] 10-06-2021 12:45:09.480 TC_Validate_Securelinks_001 - **************Providing login details*************
[INFO ] 10-06-2021 12:45:21.782 TC_Validate_Securelinks_001 - ****Starting Secure Link Validation Test****
[INFO ] 10-06-2021 12:45:22.561 TC_Validate_Securelinks_001 - **************Providing login details*************
[INFO ] 10-06-2021 12:45:33.776 TC_Validate_Securelinks_001 - ****Starting Secure Link Validation Test****
[INFO ] 10-06-2021 12:45:34.587 TC_Validate_Securelinks_001 - **************Providing login details*************
[INFO ] 10-06-2021 02:33:03.951 TC_Validate_Securelinks_001 - ****Starting Secure Link Validation Test****
[INFO ] 10-06-2021 02:33:04.870 TC_Validate_Securelinks_001 - **************Providing login details*************
[INFO ] 10-06-2021 02:33:18.110 TC_Validate_Securelinks_001 - ****Starting Secure Link Validation Test****
[INFO ] 10-06-2021 02:33:18.903 TC_Validate_Securelinks_001 - **************Providing login details*************
[INFO ] 10-06-2021 02:33:28.666 TC_Validate_Securelinks_001 - ****Starting Secure Link Validation Test****
[INFO ] 10-06-2021 02:33:29.436 TC_Validate_Securelinks_001 - **************Providing login details*************
[INFO ] 10-06-2021 02:50:08.186 TC_Validate_Securelinks_001 - ****Starting Secure Link Validation Test****
[INFO ] 10-06-2021 02:50:09.015 TC_Validate_Securelinks_001 - **************Providing login details*************
[INFO ] 10-06-2021 02:50:22.255 TC_Validate_Securelinks_001 - ****Starting Secure Link Validation Test****
[INFO ] 10-06-2021 02:50:23.048 TC_Validate_Securelinks_001 - **************Providing login details*************
[INFO ] 10-06-2021 02:50:34.698 TC_Validate_Securelinks_001 - ****Starting Secure Link Validation Test****
[INFO ] 10-06-2021 02:50:35.401 TC_Validate_Securelinks_001 - **************Providing login details*************
[INFO ] 14-06-2021 01:15:35.235 TC_LoginTest_001 - **************TC_LoginTest_001 Starting***************
[INFO ] 14-06-2021 01:15:35.998 TC_LoginTest_001 - **************Providing login details*************
[INFO ] 14-06-2021 01:15:49.303 TC_LoginTest_001 - **************TC_LoginTest_001 Starting***************
[INFO ] 14-06-2021 01:15:50.007 TC_LoginTest_001 - **************Providing login details*************
[INFO ] 14-06-2021 01:16:01.402 TC_Validate_Securelinks_001 - ****Starting Secure Link Validation Test****
[INFO ] 14-06-2021 01:16:02.060 TC_Validate_Securelinks_001 - **************Providing login details*************
[INFO ] 14-06-2021 01:16:24.548 TC_LoginTest_001 - **************TC_LoginTest_001 Starting***************
[INFO ] 14-06-2021 01:16:25.186 TC_LoginTest_001 - **************Providing login details*************
[INFO ] 14-06-2021 01:16:32.136 TC_Validate_Securelinks_001 - ****Starting Secure Link Validation Test****
[INFO ] 14-06-2021 01:16:32.874 TC_Validate_Securelinks_001 - **************Providing login details*************
[INFO ] 15-06-2021 08:45:56.190 TC_Validate_Securelinks_001 - ****Starting Secure Link Validation Test****
[INFO ] 15-06-2021 08:45:57.116 TC_Validate_Securelinks_001 - **************Providing login details*************
[INFO ] 15-06-2021 11:06:27.911 TC_Validate_Securelinks_001 - ****Starting Secure Link Validation Test****
[INFO ] 15-06-2021 11:06:29.097 TC_Validate_Securelinks_001 - **************Providing login details*************
[INFO ] 15-06-2021 11:17:02.849 TC_Validate_Securelinks_001 - ****Starting Secure Link Validation Test****
[INFO ] 15-06-2021 11:17:04.018 TC_Validate_Securelinks_001 - **************Providing login details*************
[INFO ] 15-06-2021 11:27:24.783 TC_Validate_Securelinks_001 - ****Starting Secure Link Validation Test****
[INFO ] 15-06-2021 11:27:25.537 TC_Validate_Securelinks_001 - **************Providing login details*************
